<?xml version="1.0" encoding="UTF-8"?>
<!-- Generated by org.testng.reporters.JUnitReportReporter -->
<testsuite hostname="Suvhanberdis-MacBook-Pro.local" failures="0" tests="1" name="com.inetbanking.testCases.TC_AddingNewCustomer_001" time="5.800" errors="0" timestamp="2020-03-04T14:50:34 CST" skipped="0">
  <testcase classname="com.inetbanking.testCases.TC_AddingNewCustomer_001" name="addNewCustomer" time="5.800"/>
  <system-out/>
</testsuite> <!-- com.inetbanking.testCases.TC_AddingNewCustomer_001 -->
