<?xml version="1.0" encoding="UTF-8"?>
<!-- Generated by org.testng.reporters.JUnitReportReporter -->
<testsuite hostname="Suvhanberdis-MacBook-Pro.local" failures="0" tests="1" name="com.inetbanking.testCases.TC_LoginTest_001" time="2.619" errors="0" timestamp="2020-03-04T17:31:43 CST" skipped="0">
  <testcase classname="com.inetbanking.testCases.TC_LoginTest_001" name="loginTest" time="2.619"/>
  <system-out/>
</testsuite> <!-- com.inetbanking.testCases.TC_LoginTest_001 -->
