<?xml version="1.0" encoding="UTF-8"?>
<!-- Generated by org.testng.reporters.JUnitReportReporter -->
<testsuite hostname="Suvhanberdis-MacBook-Pro.local" failures="0" tests="1" name="com.inetbanking.testCases.TC_LoginTest_002" time="12.964" errors="0" timestamp="2020-03-04T14:50:34 CST" skipped="0">
  <testcase classname="com.inetbanking.testCases.TC_LoginTest_002" name="loginDDT" time="12.964"/>
  <system-out/>
</testsuite> <!-- com.inetbanking.testCases.TC_LoginTest_002 -->
